<?xml version="1.0" encoding="UTF-8"?>
<testng-results ignored="0" total="1" passed="1" failed="0" skipped="0">
  <reporter-output>
  </reporter-output>
  <suite started-at="2022-08-25T20:13:30 PDT" name="Default suite" finished-at="2022-08-25T20:13:39 PDT" duration-ms="9327">
    <groups>
      <group name="cucumber">
        <method signature="AbstractTestNGCucumberTests.feature(cucumber.api.testng.CucumberFeatureWrapper)[pri:0, instance:com.falgun.testRunner.testrunnerClass@3d1cfad4]" name="feature" class="cucumber.api.testng.AbstractTestNGCucumberTests"/>
      </group> <!-- cucumber -->
    </groups>
    <test started-at="2022-08-25T20:13:30 PDT" name="Default test" finished-at="2022-08-25T20:13:39 PDT" duration-ms="9327">
      <class name="com.falgun.testRunner.testrunnerClass">
        <test-method is-config="true" signature="startURL()[pri:0, instance:com.falgun.testRunner.testrunnerClass@3d1cfad4]" started-at="2022-08-25T20:13:30 PDT" name="startURL" finished-at="2022-08-25T20:13:34 PDT" duration-ms="4119" status="PASS">
          <reporter-output>
          </reporter-output>
        </test-method> <!-- startURL -->
        <test-method is-config="true" signature="setUpClass()[pri:0, instance:com.falgun.testRunner.testrunnerClass@3d1cfad4]" started-at="2022-08-25T20:13:34 PDT" name="setUpClass" finished-at="2022-08-25T20:13:35 PDT" duration-ms="562" status="PASS">
          <reporter-output>
          </reporter-output>
        </test-method> <!-- setUpClass -->
        <test-method signature="feature(cucumber.api.testng.CucumberFeatureWrapper)[pri:0, instance:com.falgun.testRunner.testrunnerClass@3d1cfad4]" started-at="2022-08-25T20:13:35 PDT" name="feature" description="Runs Cucumber Feature" data-provider="features" finished-at="2022-08-25T20:13:38 PDT" duration-ms="3161" status="PASS">
          <params>
            <param index="0">
              <value>
                <![CDATA[This feature is to validate Carts pages creations]]>
              </value>
            </param>
          </params>
          <reporter-output>
          </reporter-output>
        </test-method> <!-- feature -->
        <test-method is-config="true" signature="tearDownClass()[pri:0, instance:com.falgun.testRunner.testrunnerClass@3d1cfad4]" started-at="2022-08-25T20:13:38 PDT" name="tearDownClass" finished-at="2022-08-25T20:13:38 PDT" duration-ms="19" status="PASS">
          <reporter-output>
          </reporter-output>
        </test-method> <!-- tearDownClass -->
        <test-method is-config="true" signature="closeURL()[pri:0, instance:com.falgun.testRunner.testrunnerClass@3d1cfad4]" started-at="2022-08-25T20:13:38 PDT" name="closeURL" finished-at="2022-08-25T20:13:39 PDT" duration-ms="889" status="PASS">
          <reporter-output>
          </reporter-output>
        </test-method> <!-- closeURL -->
      </class> <!-- com.falgun.testRunner.testrunnerClass -->
    </test> <!-- Default test -->
  </suite> <!-- Default suite -->
</testng-results>
